[0mGET / [36m304 [0m39.299 ms - -[0m
[0mGET /stylesheets/style.css [36m304 [0m2.424 ms - -[0m
[0mGET /bower_components/bootstrap/dist/css/bootstrap.min.css [36m304 [0m2.630 ms - -[0m
[0mGET /images/care_logo.jpg [36m304 [0m0.862 ms - -[0m
[0mGET /bower_components/jquery/dist/jquery.min.js [36m304 [0m0.941 ms - -[0m
[0mGET /bower_components/bootstrap/dist/js/bootstrap.min.js [36m304 [0m0.566 ms - -[0m
[0mGET /javascripts/patienthub.js [36m304 [0m0.434 ms - -[0m
[0mGET /signup [32m200 [0m11.414 ms - 2437[0m
[0mGET /stylesheets/style.css [36m304 [0m1.271 ms - -[0m
[0mGET /bower_components/bootstrap/dist/css/bootstrap.min.css [36m304 [0m1.801 ms - -[0m
[0mGET /images/care_logo.jpg [36m304 [0m0.750 ms - -[0m
[0mGET /bower_components/jquery/dist/jquery.min.js [36m304 [0m0.821 ms - -[0m
[0mGET /javascripts/patienthub.js [36m304 [0m0.304 ms - -[0m
[0mGET /bower_components/bootstrap/dist/js/bootstrap.min.js [36m304 [0m1.712 ms - -[0m
[0mGET /signup [36m304 [0m11.245 ms - -[0m
[0mGET /stylesheets/style.css [36m304 [0m0.742 ms - -[0m
[0mGET /bower_components/bootstrap/dist/css/bootstrap.min.css [36m304 [0m0.798 ms - -[0m
[0mGET /bower_components/jquery/dist/jquery.min.js [36m304 [0m0.352 ms - -[0m
[0mGET /bower_components/bootstrap/dist/js/bootstrap.min.js [36m304 [0m0.446 ms - -[0m
[0mGET /javascripts/patienthub.js [36m304 [0m0.206 ms - -[0m
[0mGET /images/care_logo.jpg [36m304 [0m0.161 ms - -[0m
[0mGET /signup [32m200 [0m8.337 ms - 2470[0m
[0mGET /stylesheets/style.css [36m304 [0m0.547 ms - -[0m
[0mGET /bower_components/bootstrap/dist/css/bootstrap.min.css [36m304 [0m0.693 ms - -[0m
[0mGET /images/care_logo.jpg [36m304 [0m0.207 ms - -[0m
[0mGET /bower_components/jquery/dist/jquery.min.js [36m304 [0m0.503 ms - -[0m
[0mGET /javascripts/patienthub.js [36m304 [0m0.426 ms - -[0m
[0mGET /bower_components/bootstrap/dist/js/bootstrap.min.js [36m304 [0m1.276 ms - -[0m
[0mPOST /signup [32m200 [0m176.361 ms - 2521[0m
[0mGET /stylesheets/style.css [36m304 [0m1.932 ms - -[0m
[0mGET /bower_components/bootstrap/dist/css/bootstrap.min.css [36m304 [0m3.060 ms - -[0m
[0mGET /images/care_logo.jpg [36m304 [0m1.954 ms - -[0m
[0mGET /bower_components/jquery/dist/jquery.min.js [36m304 [0m2.401 ms - -[0m
[0mGET /bower_components/bootstrap/dist/js/bootstrap.min.js [36m304 [0m0.546 ms - -[0m
[0mGET /javascripts/patienthub.js [36m304 [0m0.265 ms - -[0m
[0mPOST / [32m200 [0m83.010 ms - 2492[0m
[0mGET /stylesheets/style.css [36m304 [0m0.935 ms - -[0m
[0mGET /bower_components/bootstrap/dist/css/bootstrap.min.css [36m304 [0m2.102 ms - -[0m
[0mGET /images/care_logo.jpg [36m304 [0m1.035 ms - -[0m
[0mGET /bower_components/jquery/dist/jquery.min.js [36m304 [0m1.244 ms - -[0m
[0mGET /javascripts/patienthub.js [36m304 [0m0.319 ms - -[0m
[0mGET /bower_components/bootstrap/dist/js/bootstrap.min.js [36m304 [0m1.106 ms - -[0m
[0mPOST / [36m302 [0m75.629 ms - 56[0m
[0mGET /index [32m200 [0m9.011 ms - 4363[0m
[0mGET /stylesheets/style.css [36m304 [0m0.860 ms - -[0m
[0mGET /bower_components/bootstrap/dist/css/bootstrap.min.css [36m304 [0m1.072 ms - -[0m
[0mGET /images/care_logo.jpg [36m304 [0m0.511 ms - -[0m
[0mGET /bower_components/jquery/dist/jquery.min.js [36m304 [0m1.147 ms - -[0m
[0mGET /javascripts/patienthub.js [36m304 [0m0.833 ms - -[0m
[0mGET /bower_components/bootstrap/dist/js/bootstrap.min.js [36m304 [0m1.497 ms - -[0m
admin
[0mGET /logout [32m200 [0m6.803 ms - 2498[0m
[0mGET /stylesheets/style.css [36m304 [0m0.227 ms - -[0m
[0mGET /images/care_logo.jpg [36m304 [0m0.681 ms - -[0m
[0mGET /bower_components/bootstrap/dist/css/bootstrap.min.css [36m304 [0m1.785 ms - -[0m
[0mGET /bower_components/jquery/dist/jquery.min.js [36m304 [0m1.104 ms - -[0m
[0mGET /javascripts/patienthub.js [36m304 [0m0.429 ms - -[0m
[0mGET /bower_components/bootstrap/dist/js/bootstrap.min.js [36m304 [0m1.515 ms - -[0m
[0mGET / [32m200 [0m6.650 ms - 2353[0m
[0mGET /stylesheets/style.css [36m304 [0m0.321 ms - -[0m
[0mGET /bower_components/bootstrap/dist/css/bootstrap.min.css [36m304 [0m0.469 ms - -[0m
[0mGET /images/care_logo.jpg [36m304 [0m0.733 ms - -[0m
[0mGET /bower_components/jquery/dist/jquery.min.js [36m304 [0m0.737 ms - -[0m
[0mGET /javascripts/patienthub.js [36m304 [0m0.396 ms - -[0m
[0mGET /bower_components/bootstrap/dist/js/bootstrap.min.js [36m304 [0m1.305 ms - -[0m
[0mGET /signup [32m200 [0m7.295 ms - 2470[0m
[0mGET /stylesheets/style.css [36m304 [0m0.300 ms - -[0m
[0mGET /bower_components/bootstrap/dist/css/bootstrap.min.css [36m304 [0m1.194 ms - -[0m
[0mGET /images/care_logo.jpg [36m304 [0m0.992 ms - -[0m
[0mGET /bower_components/jquery/dist/jquery.min.js [36m304 [0m0.671 ms - -[0m
[0mGET /javascripts/patienthub.js [36m304 [0m0.432 ms - -[0m
[0mGET /bower_components/bootstrap/dist/js/bootstrap.min.js [36m304 [0m1.379 ms - -[0m
[0mPOST /signup [31m500 [0m143.639 ms - 3009[0m
[0mGET /stylesheets/style.css [36m304 [0m0.391 ms - -[0m
[0mGET /images/care_logo.jpg [36m304 [0m0.610 ms - -[0m
[0mGET /bower_components/bootstrap/dist/css/bootstrap.min.css [36m304 [0m1.370 ms - -[0m
[0mGET /bower_components/jquery/dist/jquery.min.js [36m304 [0m0.752 ms - -[0m
[0mGET /bower_components/bootstrap/dist/js/bootstrap.min.js [36m304 [0m0.486 ms - -[0m
[0mGET /javascripts/patienthub.js [36m304 [0m0.216 ms - -[0m
[0mGET / [36m304 [0m7.133 ms - -[0m
[0mGET /stylesheets/style.css [36m304 [0m0.786 ms - -[0m
[0mGET /bower_components/bootstrap/dist/css/bootstrap.min.css [36m304 [0m1.295 ms - -[0m
[0mGET /images/care_logo.jpg [36m304 [0m0.505 ms - -[0m
[0mGET /bower_components/jquery/dist/jquery.min.js [36m304 [0m0.475 ms - -[0m
[0mGET /javascripts/patienthub.js [36m304 [0m0.319 ms - -[0m
[0mGET /bower_components/bootstrap/dist/js/bootstrap.min.js [36m304 [0m0.973 ms - -[0m
[0mGET / [36m304 [0m7.566 ms - -[0m
[0mGET /stylesheets/style.css [36m304 [0m0.755 ms - -[0m
[0mGET /bower_components/bootstrap/dist/css/bootstrap.min.css [36m304 [0m1.269 ms - -[0m
[0mGET /images/care_logo.jpg [36m304 [0m0.577 ms - -[0m
[0mGET /bower_components/jquery/dist/jquery.min.js [36m304 [0m0.427 ms - -[0m
[0mGET /javascripts/patienthub.js [36m304 [0m0.395 ms - -[0m
[0mGET /bower_components/bootstrap/dist/js/bootstrap.min.js [36m304 [0m1.166 ms - -[0m
[0mGET /changepassword [32m200 [0m7.220 ms - 2691[0m
[0mGET /stylesheets/style.css [36m304 [0m0.612 ms - -[0m
[0mGET /bower_components/bootstrap/dist/css/bootstrap.min.css [36m304 [0m1.267 ms - -[0m
[0mGET /images/care_logo.jpg [36m304 [0m0.810 ms - -[0m
[0mGET /bower_components/jquery/dist/jquery.min.js [36m304 [0m0.745 ms - -[0m
[0mGET /bower_components/bootstrap/dist/js/bootstrap.min.js [36m304 [0m0.533 ms - -[0m
[0mGET /javascripts/patienthub.js [36m304 [0m0.295 ms - -[0m
[0mGET / [36m304 [0m7.420 ms - -[0m
[0mGET /stylesheets/style.css [36m304 [0m0.766 ms - -[0m
[0mGET /bower_components/bootstrap/dist/css/bootstrap.min.css [36m304 [0m0.704 ms - -[0m
[0mGET /images/care_logo.jpg [36m304 [0m0.821 ms - -[0m
[0mGET /bower_components/jquery/dist/jquery.min.js [36m304 [0m0.903 ms - -[0m
[0mGET /javascripts/patienthub.js [36m304 [0m0.325 ms - -[0m
[0mGET /bower_components/bootstrap/dist/js/bootstrap.min.js [36m304 [0m1.153 ms - -[0m
[0mPOST / [36m302 [0m69.124 ms - 56[0m
[0mGET /index [36m304 [0m7.586 ms - -[0m
[0mGET /stylesheets/style.css [36m304 [0m0.384 ms - -[0m
[0mGET /bower_components/bootstrap/dist/css/bootstrap.min.css [36m304 [0m1.825 ms - -[0m
[0mGET /images/care_logo.jpg [36m304 [0m1.061 ms - -[0m
[0mGET /bower_components/jquery/dist/jquery.min.js [36m304 [0m0.545 ms - -[0m
[0mGET /javascripts/patienthub.js [36m304 [0m0.525 ms - -[0m
[0mGET /bower_components/bootstrap/dist/js/bootstrap.min.js [36m304 [0m1.395 ms - -[0m
[0mGET /register [32m200 [0m32.050 ms - 12130[0m
[0mGET /stylesheets/style.css [36m304 [0m0.377 ms - -[0m
[0mGET /images/care_logo.jpg [36m304 [0m0.909 ms - -[0m
[0mGET /bower_components/bootstrap/dist/css/bootstrap.min.css [36m304 [0m1.286 ms - -[0m
[0mGET /bower_components/jquery/dist/jquery.min.js [36m304 [0m1.156 ms - -[0m
[0mGET /bower_components/bootstrap/dist/js/bootstrap.min.js [36m304 [0m0.844 ms - -[0m
[0mGET /javascripts/patienthub.js [36m304 [0m0.845 ms - -[0m
[0mGET /register [32m200 [0m6.597 ms - 1455[0m
[0mGET /stylesheets/style.css [36m304 [0m0.275 ms - -[0m
[0mGET /bower_components/bootstrap/dist/css/bootstrap.min.css [36m304 [0m0.693 ms - -[0m
[0mGET /images/care_logo.jpg [36m304 [0m0.514 ms - -[0m
[0mGET /bower_components/jquery/dist/jquery.min.js [36m304 [0m0.395 ms - -[0m
[0mGET /javascripts/patienthub.js [36m304 [0m0.384 ms - -[0m
[0mGET /bower_components/bootstrap/dist/js/bootstrap.min.js [36m304 [0m1.077 ms - -[0m
[0mGET / [32m200 [0m6.746 ms - 2353[0m
[0mGET /stylesheets/style.css [36m304 [0m0.566 ms - -[0m
[0mGET /bower_components/bootstrap/dist/css/bootstrap.min.css [36m304 [0m1.112 ms - -[0m
[0mGET /images/care_logo.jpg [36m304 [0m0.690 ms - -[0m
[0mGET /bower_components/jquery/dist/jquery.min.js [36m304 [0m0.354 ms - -[0m
[0mGET /javascripts/patienthub.js [36m304 [0m0.419 ms - -[0m
[0mGET /bower_components/bootstrap/dist/js/bootstrap.min.js [36m304 [0m1.172 ms - -[0m
[0mPOST / [36m302 [0m70.147 ms - 56[0m
[0mGET /index [36m304 [0m6.647 ms - -[0m
[0mGET /stylesheets/style.css [36m304 [0m0.379 ms - -[0m
[0mGET /bower_components/bootstrap/dist/css/bootstrap.min.css [36m304 [0m0.506 ms - -[0m
[0mGET /images/care_logo.jpg [36m304 [0m0.345 ms - -[0m
[0mGET /bower_components/jquery/dist/jquery.min.js [36m304 [0m0.426 ms - -[0m
[0mGET /javascripts/patienthub.js [36m304 [0m1.058 ms - -[0m
[0mGET /bower_components/bootstrap/dist/js/bootstrap.min.js [36m304 [0m1.850 ms - -[0m
[0mGET /register [32m200 [0m8.645 ms - 12140[0m
[0mGET /stylesheets/style.css [36m304 [0m0.794 ms - -[0m
[0mGET /bower_components/bootstrap/dist/css/bootstrap.min.css [36m304 [0m0.698 ms - -[0m
[0mGET /images/care_logo.jpg [36m304 [0m0.867 ms - -[0m
[0mGET /bower_components/jquery/dist/jquery.min.js [36m304 [0m0.826 ms - -[0m
[0mGET /javascripts/patienthub.js [36m304 [0m0.330 ms - -[0m
[0mGET /bower_components/bootstrap/dist/js/bootstrap.min.js [36m304 [0m1.166 ms - -[0m
[0mGET /stylesheets/style.css [36m304 [0m0.377 ms - -[0m
[0mGET /bower_components/bootstrap/dist/css/bootstrap.min.css [36m304 [0m0.409 ms - -[0m
[0mGET /bower_components/bootstrap/dist/js/bootstrap.min.js.map [36m304 [0m0.505 ms - -[0m
[0mGET /bower_components/bootstrap/dist/css/bootstrap.min.css.map [36m304 [0m0.485 ms - -[0m
Succefully Inserted
[0mPOST /register [32m200 [0m28.686 ms - 8099[0m
[0mGET /stylesheets/style.css [36m304 [0m0.381 ms - -[0m
[0mGET /bower_components/bootstrap/dist/css/bootstrap.min.css [36m304 [0m0.432 ms - -[0m
[0mGET /images/care_logo.jpg [36m304 [0m0.536 ms - -[0m
[0mGET /bower_components/jquery/dist/jquery.min.js [36m304 [0m0.444 ms - -[0m
[0mGET /bower_components/bootstrap/dist/js/bootstrap.min.js [36m304 [0m0.692 ms - -[0m
[0mGET /javascripts/patienthub.js [36m304 [0m0.601 ms - -[0m
[0mGET /bower_components/bootstrap/dist/css/bootstrap.min.css.map [36m304 [0m0.466 ms - -[0m
[0mGET /bower_components/bootstrap/dist/js/bootstrap.min.js.map [36m304 [0m0.566 ms - -[0m
[0mGET /bower_components/jquery/dist/jquery.min.js [36m304 [0m0.401 ms - -[0m
[0mGET /bower_components/bootstrap/dist/js/bootstrap.min.js [36m304 [0m0.347 ms - -[0m
[0mGET /javascripts/patienthub.js [36m304 [0m0.215 ms - -[0m
[]
[0mGET /package?regid=1%2FCARE%2FIPD%2F03%2F2019 [32m200 [0m21.946 ms - 3976[0m
[0mGET /stylesheets/style.css [36m304 [0m0.776 ms - -[0m
[0mGET /bower_components/bootstrap/dist/css/bootstrap.min.css [36m304 [0m1.485 ms - -[0m
[0mGET /images/care_logo.jpg [36m304 [0m0.600 ms - -[0m
[0mGET /bower_components/jquery/dist/jquery.min.js [36m304 [0m0.489 ms - -[0m
[0mGET /javascripts/patienthub.js [36m304 [0m0.458 ms - -[0m
[0mGET /bower_components/bootstrap/dist/js/bootstrap.min.js [36m304 [0m1.424 ms - -[0m
succesfully updated 1/CARE/IPD/03/2019
[0mPOST /package [32m200 [0m21.094 ms - 5553[0m
Succefully Inserted
[0mGET /stylesheets/style.css [36m304 [0m1.406 ms - -[0m
[0mGET /bower_components/bootstrap/dist/css/bootstrap.min.css [36m304 [0m2.324 ms - -[0m
[0mGET /images/care_logo.jpg [36m304 [0m0.561 ms - -[0m
[0mGET /bower_components/jquery/dist/jquery.min.js [36m304 [0m0.478 ms - -[0m
[0mGET /javascripts/patienthub.js [36m304 [0m0.316 ms - -[0m
[0mGET /bower_components/bootstrap/dist/js/bootstrap.min.js [36m304 [0m1.084 ms - -[0m
[0mGET /bower_components/jquery/dist/jquery.min.js [36m304 [0m1.078 ms - -[0m
[0mGET /bower_components/bootstrap/dist/js/bootstrap.min.js [36m304 [0m0.335 ms - -[0m
[0mGET /javascripts/patienthub.js [36m304 [0m0.220 ms - -[0m
[0mGET /admit?regid=1%2FCARE%2FIPD%2F03%2F2019 [32m200 [0m18.005 ms - 12643[0m
[0mGET /stylesheets/style.css [36m304 [0m1.543 ms - -[0m
[0mGET /images/care_logo.jpg [36m304 [0m0.680 ms - -[0m
[0mGET /bower_components/bootstrap/dist/css/bootstrap.min.css [36m304 [0m1.963 ms - -[0m
[0mGET /bower_components/jquery/dist/jquery.min.js [36m304 [0m0.545 ms - -[0m
[0mGET /bower_components/bootstrap/dist/js/bootstrap.min.js [36m304 [0m0.538 ms - -[0m
[0mGET /javascripts/patienthub.js [36m304 [0m0.459 ms - -[0m
succesfully updated 1/CARE/IPD/03/2019
[0mPOST /admit [32m200 [0m23.026 ms - 11565[0m
Successfully added advancce pay on admission.
[0mGET /stylesheets/style.css [36m304 [0m0.962 ms - -[0m
[0mGET /bower_components/bootstrap/dist/css/bootstrap.min.css [36m304 [0m1.044 ms - -[0m
[0mGET /images/care_logo.jpg [36m304 [0m0.407 ms - -[0m
[0mGET /bower_components/jquery/dist/jquery.min.js [36m304 [0m1.120 ms - -[0m
[0mGET /javascripts/patienthub.js [36m304 [0m0.359 ms - -[0m
[0mGET /bower_components/bootstrap/dist/js/bootstrap.min.js [36m304 [0m1.053 ms - -[0m
[0mGET /register [32m200 [0m10.303 ms - 12140[0m
[0mGET /stylesheets/style.css [36m304 [0m0.303 ms - -[0m
[0mGET /bower_components/bootstrap/dist/css/bootstrap.min.css [36m304 [0m0.430 ms - -[0m
[0mGET /images/care_logo.jpg [36m304 [0m0.300 ms - -[0m
[0mGET /bower_components/jquery/dist/jquery.min.js [36m304 [0m0.655 ms - -[0m
[0mGET /bower_components/bootstrap/dist/js/bootstrap.min.js [36m304 [0m0.486 ms - -[0m
[0mGET /javascripts/patienthub.js [36m304 [0m0.309 ms - -[0m
[0mGET /admit [32m200 [0m9.306 ms - 2912[0m
[0mGET /stylesheets/style.css [36m304 [0m0.644 ms - -[0m
[0mGET /bower_components/bootstrap/dist/css/bootstrap.min.css [36m304 [0m1.275 ms - -[0m
[0mGET /images/care_logo.jpg [36m304 [0m0.581 ms - -[0m
[0mGET /bower_components/jquery/dist/jquery.min.js [36m304 [0m0.483 ms - -[0m
[0mGET /javascripts/patienthub.js [36m304 [0m1.147 ms - -[0m
[0mGET /bower_components/bootstrap/dist/js/bootstrap.min.js [36m304 [0m1.812 ms - -[0m
[0mGET /admit?regid=1%2FCARE%2FIPD%2F03%2F2019 [32m200 [0m24.074 ms - 11998[0m
[0mGET /stylesheets/style.css [36m304 [0m0.588 ms - -[0m
[0mGET /bower_components/bootstrap/dist/css/bootstrap.min.css [36m304 [0m0.463 ms - -[0m
[0mGET /images/care_logo.jpg [36m304 [0m3.654 ms - -[0m
[0mGET /bower_components/jquery/dist/jquery.min.js [36m304 [0m5.378 ms - -[0m
[0mGET /javascripts/patienthub.js [36m304 [0m0.686 ms - -[0m
[0mGET /bower_components/bootstrap/dist/js/bootstrap.min.js [36m304 [0m1.274 ms - -[0m
[0mGET /invoice [32m200 [0m8.807 ms - 2898[0m
[0mGET /stylesheets/style.css [36m304 [0m0.735 ms - -[0m
[0mGET /bower_components/bootstrap/dist/css/bootstrap.min.css [36m304 [0m0.970 ms - -[0m
[0mGET /images/care_logo.jpg [36m304 [0m0.229 ms - -[0m
[0mGET /bower_components/jquery/dist/jquery.min.js [36m304 [0m0.324 ms - -[0m
[0mGET /javascripts/patienthub.js [36m304 [0m0.384 ms - -[0m
[0mGET /bower_components/bootstrap/dist/js/bootstrap.min.js [36m304 [0m0.918 ms - -[0m
[0mGET /invoice?regid=1%2FCARE%2FIPD%2F03%2F2019 [32m200 [0m39.849 ms - 19891[0m
[0mGET /stylesheets/style.css [36m304 [0m1.907 ms - -[0m
[0mGET /bower_components/bootstrap/dist/css/bootstrap.min.css [36m304 [0m1.842 ms - -[0m
[0mGET /images/care_logo.jpg [36m304 [0m0.816 ms - -[0m
[0mGET /bower_components/jquery/dist/jquery.min.js [36m304 [0m0.513 ms - -[0m
[0mGET /javascripts/patienthub.js [36m304 [0m0.414 ms - -[0m
[0mGET /bower_components/bootstrap/dist/js/bootstrap.min.js [36m304 [0m1.273 ms - -[0m
[0mPOST /invoice [32m200 [0m20.283 ms - 57[0m
Due Saved Successfully to Due Collection
[0mGET /bower_components/jquery/dist/jquery.min.js [36m304 [0m0.419 ms - -[0m
[0mGET /bower_components/bootstrap/dist/js/bootstrap.min.js [36m304 [0m0.304 ms - -[0m
[0mGET /javascripts/patienthub.js [36m304 [0m0.854 ms - -[0m
[0mGET /due [32m200 [0m11.733 ms - 2882[0m
[0mGET /stylesheets/style.css [36m304 [0m1.222 ms - -[0m
[0mGET /bower_components/bootstrap/dist/css/bootstrap.min.css [36m304 [0m2.307 ms - -[0m
[0mGET /images/care_logo.jpg [36m304 [0m0.714 ms - -[0m
[0mGET /bower_components/jquery/dist/jquery.min.js [36m304 [0m2.065 ms - -[0m
[0mGET /javascripts/patienthub.js [36m304 [0m0.580 ms - -[0m
[0mGET /bower_components/bootstrap/dist/js/bootstrap.min.js [36m304 [0m1.675 ms - -[0m
[0mGET /due?regid=1%2FCARE%2FIPD%2F03%2F2019 [32m200 [0m19.684 ms - 14032[0m
[0mGET /stylesheets/style.css [36m304 [0m0.616 ms - -[0m
[0mGET /bower_components/bootstrap/dist/css/bootstrap.min.css [36m304 [0m1.158 ms - -[0m
[0mGET /images/care_logo.jpg [36m304 [0m0.669 ms - -[0m
[0mGET /bower_components/jquery/dist/jquery.min.js [36m304 [0m0.428 ms - -[0m
[0mGET /javascripts/patienthub.js [36m304 [0m0.473 ms - -[0m
[0mGET /bower_components/bootstrap/dist/js/bootstrap.min.js [36m304 [0m1.245 ms - -[0m
[0mGET /index [36m304 [0m8.400 ms - -[0m
[0mGET /stylesheets/style.css [36m304 [0m1.128 ms - -[0m
[0mGET /bower_components/bootstrap/dist/css/bootstrap.min.css [36m304 [0m1.501 ms - -[0m
[0mGET /images/care_logo.jpg [36m304 [0m0.521 ms - -[0m
[0mGET /bower_components/jquery/dist/jquery.min.js [36m304 [0m0.529 ms - -[0m
[0mGET /javascripts/patienthub.js [36m304 [0m0.369 ms - -[0m
[0mGET /bower_components/bootstrap/dist/js/bootstrap.min.js [36m304 [0m1.139 ms - -[0m
[0mGET /discharge [32m200 [0m9.565 ms - 2924[0m
[0mGET /stylesheets/style.css [36m304 [0m0.774 ms - -[0m
[0mGET /bower_components/bootstrap/dist/css/bootstrap.min.css [36m304 [0m0.769 ms - -[0m
[0mGET /images/care_logo.jpg [36m304 [0m0.906 ms - -[0m
[0mGET /bower_components/jquery/dist/jquery.min.js [36m304 [0m0.738 ms - -[0m
[0mGET /javascripts/patienthub.js [36m304 [0m0.406 ms - -[0m
[0mGET /bower_components/bootstrap/dist/js/bootstrap.min.js [36m304 [0m1.103 ms - -[0m
[0mGET /discharge?regid=1%2FCARE%2FIPD%2F03%2F2019 [32m200 [0m12.125 ms - 8266[0m
[0mGET /stylesheets/style.css [36m304 [0m0.737 ms - -[0m
[0mGET /bower_components/bootstrap/dist/css/bootstrap.min.css [36m304 [0m1.099 ms - -[0m
[0mGET /images/care_logo.jpg [36m304 [0m0.934 ms - -[0m
[0mGET /bower_components/jquery/dist/jquery.min.js [36m304 [0m0.502 ms - -[0m
[0mGET /javascripts/patienthub.js [36m304 [0m0.471 ms - -[0m
[0mGET /bower_components/bootstrap/dist/js/bootstrap.min.js [36m304 [0m1.238 ms - -[0m
[0mGET /index [36m304 [0m7.506 ms - -[0m
[0mGET /stylesheets/style.css [36m304 [0m0.862 ms - -[0m
[0mGET /bower_components/bootstrap/dist/css/bootstrap.min.css [36m304 [0m1.237 ms - -[0m
[0mGET /images/care_logo.jpg [36m304 [0m0.443 ms - -[0m
[0mGET /bower_components/jquery/dist/jquery.min.js [36m304 [0m0.427 ms - -[0m
[0mGET /bower_components/bootstrap/dist/js/bootstrap.min.js [36m304 [0m0.725 ms - -[0m
[0mGET /javascripts/patienthub.js [36m304 [0m0.437 ms - -[0m
[0mGET /patientdetails [32m200 [0m8.714 ms - 2911[0m
[0mGET /stylesheets/style.css [36m304 [0m0.932 ms - -[0m
[0mGET /images/care_logo.jpg [36m304 [0m0.986 ms - -[0m
[0mGET /bower_components/bootstrap/dist/css/bootstrap.min.css [36m304 [0m1.289 ms - -[0m
[0mGET /bower_components/jquery/dist/jquery.min.js [36m304 [0m0.592 ms - -[0m
[0mGET /bower_components/bootstrap/dist/js/bootstrap.min.js [36m304 [0m0.508 ms - -[0m
[0mGET /javascripts/patienthub.js [36m304 [0m0.337 ms - -[0m
[0mGET /patientdetails?regid=1%2FCARE%2FIPD%2F03%2F2019 [32m200 [0m14.893 ms - 9650[0m
[0mGET /stylesheets/style.css [36m304 [0m0.465 ms - -[0m
[0mGET /bower_components/bootstrap/dist/css/bootstrap.min.css [36m304 [0m0.556 ms - -[0m
[0mGET /images/care_logo.jpg [36m304 [0m0.726 ms - -[0m
[0mGET /bower_components/jquery/dist/jquery.min.js [36m304 [0m0.767 ms - -[0m
[0mGET /javascripts/patienthub.js [36m304 [0m0.489 ms - -[0m
[0mGET /bower_components/bootstrap/dist/js/bootstrap.min.js [36m304 [0m1.351 ms - -[0m
[0mGET /getpaymentdetails [32m200 [0m12.559 ms - 3354[0m
[0mGET /stylesheets/style.css [36m304 [0m1.078 ms - -[0m
[0mGET /bower_components/bootstrap/dist/css/bootstrap.min.css [36m304 [0m1.326 ms - -[0m
[0mGET /images/care_logo.jpg [36m304 [0m0.551 ms - -[0m
[0mGET /bower_components/jquery/dist/jquery.min.js [36m304 [0m0.446 ms - -[0m
[0mGET /bower_components/bootstrap/dist/js/bootstrap.min.js [36m304 [0m0.406 ms - -[0m
[0mGET /javascripts/patienthub.js [36m304 [0m0.285 ms - -[0m
[0mPOST /getpaymentdetails [32m200 [0m15.460 ms - 4161[0m
[0mGET /stylesheets/style.css [36m304 [0m0.341 ms - -[0m
[0mGET /bower_components/bootstrap/dist/css/bootstrap.min.css [36m304 [0m0.458 ms - -[0m
[0mGET /images/care_logo.jpg [36m304 [0m0.320 ms - -[0m
[0mGET /bower_components/jquery/dist/jquery.min.js [36m304 [0m0.450 ms - -[0m
[0mGET /javascripts/patienthub.js [36m304 [0m0.438 ms - -[0m
[0mGET /bower_components/bootstrap/dist/js/bootstrap.min.js [36m304 [0m1.290 ms - -[0m
[0mGET /index [36m304 [0m7.908 ms - -[0m
[0mGET /stylesheets/style.css [36m304 [0m0.941 ms - -[0m
[0mGET /bower_components/bootstrap/dist/css/bootstrap.min.css [36m304 [0m1.142 ms - -[0m
[0mGET /images/care_logo.jpg [36m304 [0m0.694 ms - -[0m
[0mGET /bower_components/jquery/dist/jquery.min.js [36m304 [0m0.974 ms - -[0m
[0mGET /javascripts/patienthub.js [36m304 [0m0.316 ms - -[0m
[0mGET /bower_components/bootstrap/dist/js/bootstrap.min.js [36m304 [0m1.626 ms - -[0m
[0mGET /putidentification [32m200 [0m7.918 ms - 2924[0m
[0mGET /stylesheets/style.css [36m304 [0m1.158 ms - -[0m
[0mGET /images/care_logo.jpg [36m304 [0m0.592 ms - -[0m
[0mGET /bower_components/bootstrap/dist/css/bootstrap.min.css [36m304 [0m1.738 ms - -[0m
[0mGET /bower_components/jquery/dist/jquery.min.js [36m304 [0m0.498 ms - -[0m
[0mGET /javascripts/patienthub.js [36m304 [0m0.319 ms - -[0m
[0mGET /bower_components/bootstrap/dist/js/bootstrap.min.js [36m304 [0m0.983 ms - -[0m
[0mGET /putidentification?regid=1%2FCARE%2FIPD%2F03%2F2019 [32m200 [0m10.293 ms - 2997[0m
[0mGET /stylesheets/style.css [36m304 [0m0.354 ms - -[0m
[0mGET /images/care_logo.jpg [36m304 [0m0.568 ms - -[0m
[0mGET /bower_components/bootstrap/dist/css/bootstrap.min.css [36m304 [0m1.102 ms - -[0m
[0mGET /bower_components/jquery/dist/jquery.min.js [36m304 [0m0.426 ms - -[0m
[0mGET /bower_components/bootstrap/dist/js/bootstrap.min.js [36m304 [0m0.889 ms - -[0m
[0mGET /javascripts/patienthub.js [36m304 [0m0.409 ms - -[0m
[0mGET /index [36m304 [0m7.883 ms - -[0m
[0mGET /stylesheets/style.css [36m304 [0m0.368 ms - -[0m
[0mGET /bower_components/bootstrap/dist/css/bootstrap.min.css [36m304 [0m0.473 ms - -[0m
[0mGET /images/care_logo.jpg [36m304 [0m0.489 ms - -[0m
[0mGET /bower_components/jquery/dist/jquery.min.js [36m304 [0m0.606 ms - -[0m
[0mGET /bower_components/bootstrap/dist/js/bootstrap.min.js [36m304 [0m0.757 ms - -[0m
[0mGET /javascripts/patienthub.js [36m304 [0m0.614 ms - -[0m
[0mGET /putidentification [36m304 [0m8.966 ms - -[0m
[0mGET /stylesheets/style.css [36m304 [0m0.350 ms - -[0m
[0mGET /images/care_logo.jpg [36m304 [0m1.043 ms - -[0m
[0mGET /bower_components/bootstrap/dist/css/bootstrap.min.css [36m304 [0m1.904 ms - -[0m
[0mGET /bower_components/jquery/dist/jquery.min.js [36m304 [0m1.073 ms - -[0m
[0mGET /javascripts/patienthub.js [36m304 [0m0.388 ms - -[0m
[0mGET /bower_components/bootstrap/dist/js/bootstrap.min.js [36m304 [0m1.103 ms - -[0m
[0mGET /putidentification?regid=1%2FCARE%2FIPD%2F03%2F2019 [36m304 [0m9.046 ms - -[0m
[0mGET /stylesheets/style.css [36m304 [0m0.587 ms - -[0m
[0mGET /bower_components/bootstrap/dist/css/bootstrap.min.css [36m304 [0m1.380 ms - -[0m
[0mGET /images/care_logo.jpg [36m304 [0m1.180 ms - -[0m
[0mGET /bower_components/jquery/dist/jquery.min.js [36m304 [0m0.714 ms - -[0m
[0mGET /javascripts/patienthub.js [36m304 [0m0.263 ms - -[0m
[0mGET /bower_components/bootstrap/dist/js/bootstrap.min.js [36m304 [0m0.945 ms - -[0m
[0mGET /index [36m304 [0m7.712 ms - -[0m
[0mGET /stylesheets/style.css [36m304 [0m0.297 ms - -[0m
[0mGET /bower_components/bootstrap/dist/css/bootstrap.min.css [36m304 [0m0.507 ms - -[0m
[0mGET /images/care_logo.jpg [36m304 [0m0.394 ms - -[0m
[0mGET /bower_components/jquery/dist/jquery.min.js [36m304 [0m0.488 ms - -[0m
[0mGET /javascripts/patienthub.js [36m304 [0m0.439 ms - -[0m
[0mGET /bower_components/bootstrap/dist/js/bootstrap.min.js [36m304 [0m1.277 ms - -[0m
[0mGET /settings [32m200 [0m35.828 ms - 6177[0m
[0mGET /stylesheets/style.css [36m304 [0m1.865 ms - -[0m
[0mGET /bower_components/bootstrap/dist/css/bootstrap.min.css [36m304 [0m2.581 ms - -[0m
[0mGET /images/care_logo.jpg [36m304 [0m0.697 ms - -[0m
[0mGET /bower_components/jquery/dist/jquery.min.js [36m304 [0m0.793 ms - -[0m
[0mGET /bower_components/bootstrap/dist/js/bootstrap.min.js [36m304 [0m0.917 ms - -[0m
[0mGET /javascripts/patienthub.js [36m304 [0m0.504 ms - -[0m
[0mGET /index [36m304 [0m7.215 ms - -[0m
[0mGET /stylesheets/style.css [36m304 [0m0.417 ms - -[0m
[0mGET /bower_components/bootstrap/dist/css/bootstrap.min.css [36m304 [0m0.418 ms - -[0m
[0mGET /images/care_logo.jpg [36m304 [0m0.263 ms - -[0m
[0mGET /bower_components/jquery/dist/jquery.min.js [36m304 [0m0.384 ms - -[0m
[0mGET /bower_components/bootstrap/dist/js/bootstrap.min.js [36m304 [0m4.313 ms - -[0m
[0mGET /javascripts/patienthub.js [36m304 [0m1.345 ms - -[0m
admin
[0mGET /logout [36m304 [0m6.259 ms - -[0m
[0mGET /stylesheets/style.css [36m304 [0m0.240 ms - -[0m
[0mGET /images/care_logo.jpg [36m304 [0m0.273 ms - -[0m
[0mGET /bower_components/bootstrap/dist/css/bootstrap.min.css [36m304 [0m1.068 ms - -[0m
[0mGET /bower_components/jquery/dist/jquery.min.js [36m304 [0m0.492 ms - -[0m
[0mGET /javascripts/patienthub.js [36m304 [0m0.262 ms - -[0m
[0mGET /bower_components/bootstrap/dist/js/bootstrap.min.js [36m304 [0m1.017 ms - -[0m
[0mGET /signup [36m304 [0m8.273 ms - -[0m
[0mGET /stylesheets/style.css [36m304 [0m1.468 ms - -[0m
[0mGET /bower_components/bootstrap/dist/css/bootstrap.min.css [36m304 [0m1.531 ms - -[0m
[0mGET /images/care_logo.jpg [36m304 [0m0.885 ms - -[0m
[0mGET /bower_components/jquery/dist/jquery.min.js [36m304 [0m0.733 ms - -[0m
[0mGET /javascripts/patienthub.js [36m304 [0m0.346 ms - -[0m
[0mGET /bower_components/bootstrap/dist/js/bootstrap.min.js [36m304 [0m0.923 ms - -[0m
[0mPOST /signup [32m200 [0m142.367 ms - 2521[0m
[0mGET /stylesheets/style.css [36m304 [0m0.841 ms - -[0m
[0mGET /bower_components/bootstrap/dist/css/bootstrap.min.css [36m304 [0m1.961 ms - -[0m
[0mGET /images/care_logo.jpg [36m304 [0m1.032 ms - -[0m
[0mGET /bower_components/jquery/dist/jquery.min.js [36m304 [0m1.269 ms - -[0m
[0mGET /bower_components/bootstrap/dist/js/bootstrap.min.js [36m304 [0m0.731 ms - -[0m
[0mGET /javascripts/patienthub.js [36m304 [0m0.604 ms - -[0m
[0mPOST / [36m302 [0m68.804 ms - 56[0m
[0mGET /index [32m200 [0m7.763 ms - 4366[0m
[0mGET /stylesheets/style.css [36m304 [0m0.630 ms - -[0m
[0mGET /bower_components/bootstrap/dist/css/bootstrap.min.css [36m304 [0m0.807 ms - -[0m
[0mGET /images/care_logo.jpg [36m304 [0m0.567 ms - -[0m
[0mGET /bower_components/jquery/dist/jquery.min.js [36m304 [0m0.480 ms - -[0m
[0mGET /javascripts/patienthub.js [36m304 [0m0.370 ms - -[0m
[0mGET /bower_components/bootstrap/dist/js/bootstrap.min.js [36m304 [0m1.187 ms - -[0m
[0mGET /putidentification [32m200 [0m8.596 ms - 2927[0m
[0mGET /stylesheets/style.css [36m304 [0m0.775 ms - -[0m
[0mGET /bower_components/bootstrap/dist/css/bootstrap.min.css [36m304 [0m1.532 ms - -[0m
[0mGET /images/care_logo.jpg [36m304 [0m0.725 ms - -[0m
[0mGET /bower_components/jquery/dist/jquery.min.js [36m304 [0m0.385 ms - -[0m
[0mGET /javascripts/patienthub.js [36m304 [0m0.483 ms - -[0m
[0mGET /bower_components/bootstrap/dist/js/bootstrap.min.js [36m304 [0m2.433 ms - -[0m
[0mGET /putidentification?regid=1%2FCARE%2FIPD%2F03%2F2019 [36m304 [0m8.487 ms - -[0m
[0mGET /stylesheets/style.css [36m304 [0m0.827 ms - -[0m
[0mGET /bower_components/bootstrap/dist/css/bootstrap.min.css [36m304 [0m0.804 ms - -[0m
[0mGET /images/care_logo.jpg [36m304 [0m0.623 ms - -[0m
[0mGET /bower_components/jquery/dist/jquery.min.js [36m304 [0m0.613 ms - -[0m
[0mGET /javascripts/patienthub.js [36m304 [0m1.076 ms - -[0m
[0mGET /bower_components/bootstrap/dist/js/bootstrap.min.js [36m304 [0m2.676 ms - -[0m
[0mGET /index [36m304 [0m7.439 ms - -[0m
[0mGET /stylesheets/style.css [36m304 [0m0.921 ms - -[0m
[0mGET /images/care_logo.jpg [36m304 [0m0.550 ms - -[0m
[0mGET /bower_components/bootstrap/dist/css/bootstrap.min.css [36m304 [0m1.708 ms - -[0m
[0mGET /bower_components/jquery/dist/jquery.min.js [36m304 [0m0.515 ms - -[0m
[0mGET /bower_components/bootstrap/dist/js/bootstrap.min.js [36m304 [0m0.643 ms - -[0m
[0mGET /javascripts/patienthub.js [36m304 [0m0.395 ms - -[0m
[0mGET /settings [32m200 [0m23.151 ms - 1485[0m
[0mGET /stylesheets/style.css [36m304 [0m1.036 ms - -[0m
[0mGET /images/care_logo.jpg [36m304 [0m1.457 ms - -[0m
[0mGET /bower_components/bootstrap/dist/css/bootstrap.min.css [36m304 [0m2.333 ms - -[0m
[0mGET /bower_components/jquery/dist/jquery.min.js [36m304 [0m1.238 ms - -[0m
[0mGET /javascripts/patienthub.js [36m304 [0m0.254 ms - -[0m
[0mGET /bower_components/bootstrap/dist/js/bootstrap.min.js [36m304 [0m0.788 ms - -[0m
[0mGET / [36m302 [0m0.442 ms - 56[0m
[0mGET /index [36m304 [0m6.730 ms - -[0m
[0mGET /stylesheets/style.css [36m304 [0m0.751 ms - -[0m
[0mGET /bower_components/bootstrap/dist/css/bootstrap.min.css [36m304 [0m0.716 ms - -[0m
[0mGET /images/care_logo.jpg [36m304 [0m0.634 ms - -[0m
[0mGET /bower_components/jquery/dist/jquery.min.js [36m304 [0m0.759 ms - -[0m
[0mGET /javascripts/patienthub.js [36m304 [0m0.306 ms - -[0m
[0mGET /bower_components/bootstrap/dist/js/bootstrap.min.js [36m304 [0m1.026 ms - -[0m
testuser
[0mGET /logout [36m304 [0m7.335 ms - -[0m
[0mGET /stylesheets/style.css [36m304 [0m1.118 ms - -[0m
[0mGET /images/care_logo.jpg [36m304 [0m0.537 ms - -[0m
[0mGET /bower_components/bootstrap/dist/css/bootstrap.min.css [36m304 [0m1.944 ms - -[0m
[0mGET /bower_components/jquery/dist/jquery.min.js [36m304 [0m0.653 ms - -[0m
[0mGET /javascripts/patienthub.js [36m304 [0m0.227 ms - -[0m
[0mGET /bower_components/bootstrap/dist/js/bootstrap.min.js [36m304 [0m0.837 ms - -[0m
[0mPOST / [36m302 [0m67.265 ms - 56[0m
[0mGET /index [32m200 [0m6.495 ms - 4363[0m
[0mGET /stylesheets/style.css [36m304 [0m0.885 ms - -[0m
[0mGET /bower_components/bootstrap/dist/css/bootstrap.min.css [36m304 [0m1.570 ms - -[0m
[0mGET /images/care_logo.jpg [36m304 [0m0.924 ms - -[0m
[0mGET /bower_components/jquery/dist/jquery.min.js [36m304 [0m0.682 ms - -[0m
[0mGET /javascripts/patienthub.js [36m304 [0m0.322 ms - -[0m
[0mGET /bower_components/bootstrap/dist/js/bootstrap.min.js [36m304 [0m1.190 ms - -[0m
[0mGET /settings [32m200 [0m35.173 ms - 6433[0m
[0mGET /stylesheets/style.css [36m304 [0m0.287 ms - -[0m
[0mGET /images/care_logo.jpg [36m304 [0m0.803 ms - -[0m
[0mGET /bower_components/bootstrap/dist/css/bootstrap.min.css [36m304 [0m3.704 ms - -[0m
[0mGET /bower_components/jquery/dist/jquery.min.js [36m304 [0m1.290 ms - -[0m
[0mGET /javascripts/patienthub.js [36m304 [0m0.281 ms - -[0m
[0mGET /bower_components/bootstrap/dist/js/bootstrap.min.js [36m304 [0m0.926 ms - -[0m
[0mGET /admit [32m200 [0m11.492 ms - 2912[0m
[0mGET /stylesheets/style.css [36m304 [0m0.880 ms - -[0m
[0mGET /bower_components/bootstrap/dist/css/bootstrap.min.css [36m304 [0m0.998 ms - -[0m
[0mGET /images/care_logo.jpg [36m304 [0m0.741 ms - -[0m
[0mGET /bower_components/jquery/dist/jquery.min.js [36m304 [0m0.799 ms - -[0m
[0mGET /bower_components/bootstrap/dist/js/bootstrap.min.js [36m304 [0m0.638 ms - -[0m
[0mGET /javascripts/patienthub.js [36m304 [0m0.508 ms - -[0m
[0mGET /admit?regid=1%2FCARE%2FIPD%2F03%2F2019 [36m304 [0m16.784 ms - -[0m
[0mGET /stylesheets/style.css [36m304 [0m0.343 ms - -[0m
[0mGET /bower_components/bootstrap/dist/css/bootstrap.min.css [36m304 [0m0.564 ms - -[0m
[0mGET /images/care_logo.jpg [36m304 [0m0.613 ms - -[0m
[0mGET /bower_components/jquery/dist/jquery.min.js [36m304 [0m0.535 ms - -[0m
[0mGET /javascripts/patienthub.js [36m304 [0m0.266 ms - -[0m
[0mGET /bower_components/bootstrap/dist/js/bootstrap.min.js [36m304 [0m0.813 ms - -[0m
[0mGET /register [32m200 [0m11.815 ms - 1455[0m
[0mGET /stylesheets/style.css [36m304 [0m1.288 ms - -[0m
[0mGET /bower_components/bootstrap/dist/css/bootstrap.min.css [36m304 [0m2.676 ms - -[0m
[0mGET /images/care_logo.jpg [36m304 [0m1.294 ms - -[0m
[0mGET /bower_components/jquery/dist/jquery.min.js [36m304 [0m0.385 ms - -[0m
[0mGET /javascripts/patienthub.js [36m304 [0m0.335 ms - -[0m
[0mGET /bower_components/bootstrap/dist/js/bootstrap.min.js [36m304 [0m0.988 ms - -[0m
[0mGET / [32m200 [0m9.274 ms - 2353[0m
[0mGET /stylesheets/style.css [36m304 [0m0.584 ms - -[0m
[0mGET /bower_components/bootstrap/dist/css/bootstrap.min.css [36m304 [0m2.633 ms - -[0m
[0mGET /images/care_logo.jpg [36m304 [0m1.580 ms - -[0m
[0mGET /bower_components/jquery/dist/jquery.min.js [36m304 [0m0.318 ms - -[0m
[0mGET /javascripts/patienthub.js [36m304 [0m0.331 ms - -[0m
[0mGET /bower_components/bootstrap/dist/js/bootstrap.min.js [36m304 [0m0.961 ms - -[0m
[0mPOST / [36m302 [0m68.012 ms - 56[0m
[0mGET /index [36m304 [0m9.897 ms - -[0m
[0mGET /stylesheets/style.css [36m304 [0m0.381 ms - -[0m
[0mGET /bower_components/bootstrap/dist/css/bootstrap.min.css [36m304 [0m1.283 ms - -[0m
[0mGET /images/care_logo.jpg [36m304 [0m0.908 ms - -[0m
[0mGET /bower_components/jquery/dist/jquery.min.js [36m304 [0m0.486 ms - -[0m
[0mGET /javascripts/patienthub.js [36m304 [0m0.431 ms - -[0m
[0mGET /bower_components/bootstrap/dist/js/bootstrap.min.js [36m304 [0m2.083 ms - -[0m
[0mGET /register [32m200 [0m11.433 ms - 12140[0m
[0mGET /stylesheets/style.css [36m304 [0m1.145 ms - -[0m
[0mGET /bower_components/bootstrap/dist/css/bootstrap.min.css [36m304 [0m1.438 ms - -[0m
[0mGET /images/care_logo.jpg [36m304 [0m0.682 ms - -[0m
[0mGET /bower_components/jquery/dist/jquery.min.js [36m304 [0m0.768 ms - -[0m
[0mGET /javascripts/patienthub.js [36m304 [0m0.440 ms - -[0m
[0mGET /bower_components/bootstrap/dist/js/bootstrap.min.js [36m304 [0m1.294 ms - -[0m
[0mGET / [32m200 [0m33.623 ms - 2353[0m
[0mGET /stylesheets/style.css [36m304 [0m0.918 ms - -[0m
[0mGET /bower_components/bootstrap/dist/css/bootstrap.min.css [36m304 [0m1.245 ms - -[0m
[0mGET /images/care_logo.jpg [36m304 [0m1.274 ms - -[0m
[0mGET /bower_components/jquery/dist/jquery.min.js [36m304 [0m1.885 ms - -[0m
[0mGET /bower_components/bootstrap/dist/js/bootstrap.min.js [36m304 [0m0.518 ms - -[0m
[0mGET /javascripts/patienthub.js [32m200 [0m13.764 ms - 15614[0m
[0mPOST / [32m200 [0m93.514 ms - 2492[0m
[0mGET /stylesheets/style.css [36m304 [0m0.283 ms - -[0m
[0mGET /bower_components/bootstrap/dist/css/bootstrap.min.css [36m304 [0m0.431 ms - -[0m
[0mGET /images/care_logo.jpg [36m304 [0m0.429 ms - -[0m
[0mGET /bower_components/jquery/dist/jquery.min.js [36m304 [0m0.499 ms - -[0m
[0mGET /javascripts/patienthub.js [36m304 [0m0.315 ms - -[0m
[0mGET /bower_components/bootstrap/dist/js/bootstrap.min.js [36m304 [0m1.694 ms - -[0m
[0mPOST / [36m302 [0m68.439 ms - 56[0m
[0mGET /index [36m304 [0m9.548 ms - -[0m
[0mGET /stylesheets/style.css [36m304 [0m0.917 ms - -[0m
[0mGET /bower_components/bootstrap/dist/css/bootstrap.min.css [36m304 [0m1.161 ms - -[0m
[0mGET /images/care_logo.jpg [36m304 [0m0.825 ms - -[0m
[0mGET /bower_components/jquery/dist/jquery.min.js [36m304 [0m0.506 ms - -[0m
[0mGET /bower_components/bootstrap/dist/js/bootstrap.min.js [36m304 [0m0.883 ms - -[0m
[0mGET /javascripts/patienthub.js [36m304 [0m0.504 ms - -[0m
[0mGET /register [32m200 [0m12.103 ms - 12141[0m
[0mGET /stylesheets/style.css [36m304 [0m0.371 ms - -[0m
[0mGET /bower_components/bootstrap/dist/css/bootstrap.min.css [36m304 [0m0.428 ms - -[0m
[0mGET /images/care_logo.jpg [36m304 [0m0.279 ms - -[0m
[0mGET /bower_components/jquery/dist/jquery.min.js [36m304 [0m0.692 ms - -[0m
[0mGET /bower_components/bootstrap/dist/js/bootstrap.min.js [36m304 [0m0.734 ms - -[0m
[0mGET /javascripts/patienthub.js [36m304 [0m0.670 ms - -[0m
[0mGET /index [36m304 [0m6.730 ms - -[0m
[0mGET /stylesheets/style.css [36m304 [0m0.326 ms - -[0m
[0mGET /bower_components/bootstrap/dist/css/bootstrap.min.css [36m304 [0m0.462 ms - -[0m
[0mGET /images/care_logo.jpg [36m304 [0m0.837 ms - -[0m
[0mGET /bower_components/jquery/dist/jquery.min.js [36m304 [0m0.711 ms - -[0m
[0mGET /bower_components/bootstrap/dist/js/bootstrap.min.js [36m304 [0m0.855 ms - -[0m
[0mGET /javascripts/patienthub.js [36m304 [0m0.514 ms - -[0m
[0mGET /getpaymentdetails [32m200 [0m13.237 ms - 3354[0m
[0mGET /stylesheets/style.css [36m304 [0m0.930 ms - -[0m
[0mGET /bower_components/bootstrap/dist/css/bootstrap.min.css [36m304 [0m1.028 ms - -[0m
[0mGET /images/care_logo.jpg [36m304 [0m0.984 ms - -[0m
[0mGET /bower_components/jquery/dist/jquery.min.js [36m304 [0m0.666 ms - -[0m
[0mGET /bower_components/bootstrap/dist/js/bootstrap.min.js [36m304 [0m0.624 ms - -[0m
[0mGET /javascripts/patienthub.js [36m304 [0m0.288 ms - -[0m
[0mGET /index [36m304 [0m7.894 ms - -[0m
[0mGET /stylesheets/style.css [36m304 [0m0.783 ms - -[0m
[0mGET /bower_components/bootstrap/dist/css/bootstrap.min.css [36m304 [0m0.958 ms - -[0m
[0mGET /images/care_logo.jpg [36m304 [0m0.660 ms - -[0m
[0mGET /bower_components/jquery/dist/jquery.min.js [36m304 [0m0.666 ms - -[0m
[0mGET /javascripts/patienthub.js [36m304 [0m0.446 ms - -[0m
[0mGET /bower_components/bootstrap/dist/js/bootstrap.min.js [36m304 [0m1.144 ms - -[0m
[0mGET /settings [36m304 [0m52.930 ms - -[0m
[0mGET /stylesheets/style.css [36m304 [0m0.354 ms - -[0m
[0mGET /images/care_logo.jpg [36m304 [0m0.539 ms - -[0m
[0mGET /bower_components/bootstrap/dist/css/bootstrap.min.css [36m304 [0m0.926 ms - -[0m
[0mGET /bower_components/jquery/dist/jquery.min.js [36m304 [0m0.629 ms - -[0m
[0mGET /bower_components/bootstrap/dist/js/bootstrap.min.js [36m304 [0m0.702 ms - -[0m
[0mGET /javascripts/patienthub.js [36m304 [0m0.460 ms - -[0m
admin
[0mGET /logout [36m304 [0m5.064 ms - -[0m
[0mGET /stylesheets/style.css [36m304 [0m0.239 ms - -[0m
[0mGET /bower_components/bootstrap/dist/css/bootstrap.min.css [36m304 [0m0.577 ms - -[0m
[0mGET /images/care_logo.jpg [36m304 [0m0.826 ms - -[0m
[0mGET /bower_components/jquery/dist/jquery.min.js [36m304 [0m0.660 ms - -[0m
[0mGET /javascripts/patienthub.js [36m304 [0m1.445 ms - -[0m
[0mGET /bower_components/bootstrap/dist/js/bootstrap.min.js [36m304 [0m2.001 ms - -[0m
